<?xml version="1.0" encoding="UTF-8"?>
<!-- Generated by org.testng.reporters.JUnitReportReporter -->
<testsuite hostname="DESKTOP-Q88BGHT" failures="0" tests="1" name="tests.CameraPageTest" time="1.826" errors="0" timestamp="2022-09-30T12:49:01 IST" skipped="0">
  <testcase classname="tests.CameraPageTest" name="navigateToCameraPage" time="1.826"/>
  <system-out/>
</testsuite> <!-- tests.CameraPageTest -->
