<?xml version="1.0" encoding="UTF-8"?>
<!-- Generated by org.testng.reporters.JUnitReportReporter -->
<testsuite hostname="DESKTOP-Q88BGHT" failures="0" tests="1" name="tests.TC_03_CameraPageTest" time="12.886" errors="0" timestamp="2022-10-14T17:28:22 IST" skipped="0">
  <testcase classname="tests.TC_03_CameraPageTest" name="navigateToCameraPage" time="12.886"/>
  <system-out>
Clicking on login link Login Page is displayed Entering emailId Entering password Clicking on Login button getting title of the page Clicking on CellPhones link default dropdown as 'position' default dropdown as '8' default dropdown as 'Grid' clicking on Smartphonelink pop msg is displaying clicking on shopping cart link selecting 'India' country Checked Terms and Conditions checkbox Clicking on Checkout button clicking on billing adrress dropdown entering 'FirstName' text Entering 'Lastname' text entering emailId Entering company dropdown select Country India dropdown Entering Country name Entering Address1  Entering Pincode Entering Mobile number clicking on continue button verifying shippingaddress page is displayed clicking on Shipping address dropdown  </system-out>
</testsuite> <!-- tests.TC_03_CameraPageTest -->
