<?xml version="1.0" encoding="UTF-8"?>
<!-- Generated by org.testng.reporters.JUnitReportReporter -->
<testsuite hostname="DESKTOP-SIB3JK6" failures="0" tests="1" name="tests.TC_06_JewelryPageText" time="47.165" errors="0" timestamp="2022-10-17T14:58:16 IST" skipped="0">
  <testcase classname="tests.TC_06_JewelryPageText" name="VerifyJewelPage" time="47.165"/>
  <system-out>
    <![CDATA[clicking on jewelry
By default sortby position is selected
By default Display 4 is selected
By default Viewas Grid is selected
clicking on Black and white jewel
Black and white jewel Page is displaying
Product is added to shoppingcart page
clicking on shoppingcart Link
selecting India country
Entering pincode
Clicking on checkoutbutton
Checkoutpage is displaying
clicking on BillingAddress dropdown
Entering BillingAddress dropdown
Entering Firstname
Entering Lastname
Entering Emailid
Entering company dropdown
select Country India dropdown
Entering Country name
Entering Address1 
Entering Pincode
Entering Mobile number
clicking on continue button
verifying shippingaddress page is displayed
clicking on Shipping address dropdown
clicking on shipping Address country drop down
Entering shipping Address city name
Entering shipping address
Entering shipping Address pincode
Entering shipping Address Mobile number
clicking on continue shipping Address
select shipping method
select ground
click on continue
clicking on cash on delivery
clicking on continue button in Payment method
continue button is displayed in Payment method
clicking on continue button in Payment method
continue button is displayed in confirm order
continue button is displayed in confirm order
confirm button is displayed in confirm order
Demo web shop home page is displayed
Clicking on Confirm button in Confirm Order]]>
  </system-out>
</testsuite> <!-- tests.TC_06_JewelryPageText -->
