<?xml version="1.0" encoding="UTF-8"?>
<!-- Generated by org.testng.reporters.JUnitReportReporter -->
<testsuite hostname="DESKTOP-7HJ0FFF" failures="0" tests="1" name="tests.TC_04_ApparelAndShoesPageTest" time="25.107" errors="0" timestamp="2022-10-17T15:51:40 PDT" skipped="0">
  <testcase classname="tests.TC_04_ApparelAndShoesPageTest" name="clickApparelAndShoes" time="25.107"/>
  <system-out>
Clicking on Login Link Entering valid emailId in Email textfield Entering valid password in Password textfield Clicking on Login button Clicking on apparelAndShoes menu Clicking on sort option Clicking on display option Clicking on view as dropdown Clicking on product Clicking on size dropdown price should be displayed Qty should be displayed Clicked on add to cart Clicked on shopping cart Clicked on checkbox Clicked on checkOut clicking on billing adrress dropdown entering 'FirstName' text Entering 'Lastname' text entering emailId Entering company dropdown select Country India dropdown Entering Country name Entering Address1  Entering Pincode Entering Mobile number clicking on continue button verifying shippingaddress page is displayed clicking on Shipping address dropdown select shipping method select ground click on continue Clicking on CheckMoney Order  radio button Clicking on Continue button in Payment Method Clicking on Continue button in Payment Information Clicking on Confirm button in Confirm Order Clicking on Confirm button in Confirm Order  </system-out>
</testsuite> <!-- tests.TC_04_ApparelAndShoesPageTest -->
