<?xml version="1.0" encoding="UTF-8"?>
<!-- Generated by org.testng.reporters.JUnitReportReporter -->
<testsuite hostname="DESKTOP-LB2VJ69" failures="0" tests="4" name="tests.GiftcardsPageTest" time="11.435" errors="0" timestamp="2022-10-08T23:44:04 IST" skipped="0">
  <testcase classname="tests.GiftcardsPageTest" name="GiftcardsMenu" time="0.887"/>
  <system-out>
Clicking on Giftcards Menu  </system-out>
  <testcase classname="tests.GiftcardsPageTest" name="SortbyDropdown" time="0.290"/>
  <system-out>
Clicking on Sort by dropdown  </system-out>
  <testcase classname="tests.GiftcardsPageTest" name="Displayperpage" time="10.134"/>
  <system-out>
Clicking on Display per page dropdown  </system-out>
  <testcase classname="tests.GiftcardsPageTest" name="Viewas" time="0.124"/>
  <system-out>
Clicking on View as dropdown  </system-out>
</testsuite> <!-- tests.GiftcardsPageTest -->
