<?xml version="1.0" encoding="UTF-8"?>
<!-- Generated by org.testng.reporters.JUnitReportReporter -->
<testsuite hostname="DESKTOP-Q88BGHT" failures="0" tests="2" name="tests.ApparelAndShoesPageTest" time="6.625" errors="0" timestamp="2022-10-03T11:02:22 IST" skipped="0">
  <testcase classname="tests.ApparelAndShoesPageTest" name="dress" time="2.387"/>
  <system-out>
clicking on dress module   </system-out>
  <testcase classname="tests.ApparelAndShoesPageTest" name="clickApparelAndShoes" time="4.238"/>
  <system-out>
clicking on ApparelAndShoesPage module   </system-out>
</testsuite> <!-- tests.ApparelAndShoesPageTest -->
