<?xml version="1.0" encoding="UTF-8"?>
<!-- Generated by org.testng.reporters.JUnitReportReporter -->
<testsuite hostname="DESKTOP-Q88BGHT" failures="0" tests="1" name="tests.TC_CameraPageTest" time="1.614" errors="0" timestamp="2022-10-03T10:50:14 IST" skipped="0">
  <testcase classname="tests.TC_CameraPageTest" name="navigateToCameraPage" time="1.614"/>
  <system-out/>
</testsuite> <!-- tests.TC_CameraPageTest -->
